<?xml version="1.0" encoding="UTF-8"?>
<testng-results skipped="0" failed="0" ignored="0" total="1" passed="1">
  <reporter-output>
  </reporter-output>
  <suite name="Suite" duration-ms="7114" started-at="2022-03-31T13:48:21 IST" finished-at="2022-03-31T13:48:28 IST">
    <groups>
    </groups>
    <test name="Test" duration-ms="7114" started-at="2022-03-31T13:48:21 IST" finished-at="2022-03-31T13:48:28 IST">
      <class name="com.jquery.project.DragDown">
        <test-method status="PASS" signature="dragdropTest1()[pri:0, instance:com.jquery.project.DragDown@17d0008]" name="dragdropTest1" duration-ms="7081" started-at="2022-03-31T13:48:21 IST" finished-at="2022-03-31T13:48:28 IST">
          <reporter-output>
          </reporter-output>
        </test-method> <!-- dragdropTest1 -->
      </class> <!-- com.jquery.project.DragDown -->
    </test> <!-- Test -->
  </suite> <!-- Suite -->
</testng-results>
