<?xml version="1.0" encoding="UTF-8"?>
<testng-results ignored="0" total="1" passed="1" failed="0" skipped="0">
  <reporter-output>
  </reporter-output>
  <suite started-at="2022-03-31T10:19:44 IST" name="Suite" finished-at="2022-03-31T10:19:57 IST" duration-ms="12384">
    <groups>
    </groups>
    <test started-at="2022-03-31T10:19:44 IST" name="Test" finished-at="2022-03-31T10:19:57 IST" duration-ms="12384">
      <class name="com.jquery.project.DragDown">
        <test-method signature="dragdropTest1()[pri:0, instance:com.jquery.project.DragDown@2f8dad04]" started-at="2022-03-31T10:19:44 IST" name="dragdropTest1" finished-at="2022-03-31T10:19:57 IST" duration-ms="12342" status="PASS">
          <reporter-output>
          </reporter-output>
        </test-method> <!-- dragdropTest1 -->
      </class> <!-- com.jquery.project.DragDown -->
    </test> <!-- Test -->
  </suite> <!-- Suite -->
</testng-results>
